<?xml version="1.0" encoding="UTF-8"?>
<!-- Generated by org.testng.reporters.JUnitReportReporter -->
<<<<<<< HEAD
<testsuite skipped="0" hostname="LAPTOP-QVJH7I2R" name="com.bbc.GitMergeDemo.GitDemo" tests="1" failures="0" timestamp="06 四月 2018 07:43:27 GMT" time="0.000" errors="0">
  <testcase name="testname" time="0.000" classname="com.bbc.GitMergeDemo.GitDemo"/>
=======
<testsuite skipped="0" hostname="LAPTOP-QVJH7I2R" name="com.bbc.GitMergeDemo.GitDemo" tests="1" failures="0" timestamp="06 四月 2018 04:39:36 GMT" time="0.016" errors="0">
  <testcase name="testname" time="0.016" classname="com.bbc.GitMergeDemo.GitDemo"/>
>>>>>>> refs/remotes/origin/branch3
</testsuite> <!-- com.bbc.GitMergeDemo.GitDemo -->
