<?xml version="1.0" encoding="UTF-8"?>
<!-- Generated by org.testng.reporters.JUnitReportReporter -->
<testsuite skipped="0" hostname="LAPTOP-QVJH7I2R" name="com.bbc.GitMergeDemo.GitDemo" tests="1" failures="0" timestamp="06 四月 2018 04:27:13 GMT" time="0.000" errors="0">
  <testcase name="testname" time="0.000" classname="com.bbc.GitMergeDemo.GitDemo"/>
</testsuite> <!-- com.bbc.GitMergeDemo.GitDemo -->
